[2014-03-14 12:39:48] START
[2014-03-14 13:09:02] EDIT CloudMiner_v1/models/db.py: 24
[2014-03-14 13:14:14] EDIT CloudMiner_v1/models/db.py: -7
[2014-03-14 13:16:33] EDIT CloudMiner_v1/models/db.py: 0
[2014-03-14 13:19:37] EDIT CloudMiner_v1/models/db.py: 3
[2014-03-14 13:23:41] EDIT CloudMiner_v1/models/db.py: 0
[2014-03-14 13:25:11] EDIT CloudMiner_v1/models/db.py: 0
[2014-03-14 13:43:31] EDIT CloudMiner_v1/models/db.py: 0
[2014-03-17 20:29:41] EDIT CloudMiner_v1/models/db.py: 0
[2014-03-17 20:31:19] EDIT CloudMiner_v1/models/db.py: 0
[2014-03-17 22:44:18] EDIT CloudMiner/models/db.py: 0
[2014-03-17 23:05:57] EDIT CloudMiner/models/db.py: 1
[2014-03-17 23:07:08] EDIT CloudMiner/models/db.py: 0
[2014-03-17 23:07:21] EDIT CloudMiner/models/db.py: 0
[2014-03-17 23:08:24] EDIT CloudMiner/models/db.py: 0
[2014-03-17 23:19:25] EDIT CloudMiner/models/db.py: 0
[2014-03-17 23:33:02] EDIT CloudMiner/models/db.py: 0
[2014-03-17 23:35:13] EDIT CloudMiner/models/db.py: 0
[2014-03-17 23:39:32] EDIT CloudMiner/controllers/default.py: 3
[2014-03-17 23:39:54] CREATE default/manage.html: 0
[2014-03-17 23:40:25] EDIT CloudMiner/views/default/manage.html: 2
[2014-03-17 23:43:50] EDIT CloudMiner/controllers/default.py: 0
[2014-03-17 23:54:57] EDIT CloudMiner/controllers/default.py: 0
[2014-03-17 23:58:00] EDIT CloudMiner/controllers/default.py: 2
[2014-03-17 23:58:14] EDIT CloudMiner/controllers/default.py: 0
[2014-03-17 23:58:28] EDIT CloudMiner/controllers/default.py: 1
[2014-03-17 23:58:31] EDIT CloudMiner/controllers/default.py: 0
[2014-03-17 23:58:59] EDIT CloudMiner/controllers/default.py: 0
[2014-03-18 00:02:05] EDIT CloudMiner/views/default/manage.html: 0
[2014-03-18 00:02:51] EDIT CloudMiner/views/default/manage.html: 0
[2014-03-18 00:04:06] EDIT CloudMiner/controllers/default.py: 1
[2014-03-18 00:11:57] EDIT CloudMiner/models/db.py: -2
[2014-03-18 00:12:36] EDIT CloudMiner/models/db.py: -3
[2014-03-27 20:27:56] EDIT CloudMiner/models/db.py: 0
[2014-03-27 20:38:27] EDIT CloudMiner/models/db.py: 0
[2014-03-27 20:41:05] EDIT CloudMiner/models/db.py: 0
[2014-03-27 22:41:41] EDIT CloudMiner/models/db.py: 1
[2014-03-27 22:42:55] EDIT CloudMiner/models/db.py: 0
[2014-03-27 22:49:42] EDIT CloudMiner/controllers/default.py: 0
[2014-03-30 07:01:30] EDIT CloudMiner/models/db.py: 1
[2014-03-30 07:09:50] EDIT CloudMiner/models/db.py: 4
[2014-03-30 07:20:07] EDIT CloudMiner/models/db.py: 7
[2014-03-30 08:46:20] EDIT CloudMiner/models/db.py: 1
[2014-03-30 12:25:35] EDIT CloudMiner/models/db.py: 0
[2014-04-03 21:11:50] EDIT CloudMiner/models/db.py: 0
[2014-04-03 21:12:16] EDIT CloudMiner/models/db.py: 0
[2014-04-03 21:14:00] EDIT CloudMiner/models/db.py: 0
[2014-04-14 18:53:31] EDIT CloudMiner/models/db.py: 0
[2014-04-10 21:01:37] EDIT CloudMiner/controllers/default.py: 1
[2014-04-10 21:01:53] EDIT CloudMiner/controllers/default.py: 7
[2014-04-11 01:13:48] EDIT CloudMiner/controllers/default.py: 8
[2014-04-11 01:15:36] EDIT CloudMiner/controllers/default.py: 1
[2014-04-11 02:48:13] CREATE default/send_task.py: 0
[2014-04-11 02:49:09] CREATE default/send_task.html: 0
[2014-04-11 02:49:27] EDIT CloudMiner/views/default/send_task.html: -1
[2014-04-11 02:58:57] EDIT CloudMiner/controllers/default.py: 0
[2014-04-11 02:59:22] EDIT CloudMiner/controllers/default.py: 0
[2014-04-11 03:02:55] EDIT CloudMiner/controllers/default.py: 0
[2014-04-11 03:09:43] EDIT CloudMiner/controllers/default.py: 0
[2014-04-11 03:25:13] EDIT CloudMiner/controllers/default.py: 0
[2014-04-11 03:25:27] EDIT CloudMiner/controllers/default.py: 0
[2014-04-11 03:26:56] EDIT CloudMiner/controllers/default.py: 0
[2014-04-11 03:28:39] EDIT CloudMiner/controllers/default.py: 0
[2014-04-11 03:30:41] EDIT CloudMiner/controllers/default.py: 0
[2014-04-11 03:45:22] EDIT CloudMiner/controllers/default.py: 0
[2014-04-11 03:59:26] EDIT CloudMiner/controllers/default.py: 0
[2014-04-11 03:59:50] EDIT CloudMiner/controllers/default.py: 0
[2014-04-11 04:16:32] EDIT CloudMiner/controllers/default.py: 0
[2014-04-11 04:19:52] EDIT CloudMiner/views/default/send_task.html: 0
[2014-04-11 04:21:52] EDIT CloudMiner/views/layout.html: 0
[2014-04-11 04:22:10] EDIT CloudMiner/views/layout.html: 0
[2014-04-11 04:22:21] EDIT CloudMiner/views/layout.html: 0
[2014-04-11 04:48:29] EDIT CloudMiner/models/menu.py: 0
[2014-04-11 04:49:26] EDIT CloudMiner/models/menu.py: 0
[2014-04-11 04:49:32] EDIT CloudMiner/models/menu.py: 0
[2014-04-11 04:50:39] EDIT CloudMiner/models/menu.py: 0
[2014-04-11 04:51:01] EDIT CloudMiner/models/menu.py: 0
[2014-04-11 04:54:23] EDIT CloudMiner/models/menu.py: 0
[2014-04-11 04:54:25] EDIT CloudMiner/models/menu.py: 0
[2014-04-11 04:55:00] EDIT CloudMiner/models/menu.py: 0
[2014-04-11 04:55:01] EDIT CloudMiner/models/menu.py: 0
[2014-04-11 04:56:07] EDIT CloudMiner/models/menu.py: 0
[2014-04-11 05:01:29] EDIT CloudMiner/models/menu.py: 1
[2014-04-11 05:02:48] EDIT CloudMiner/models/menu.py: 1
[2014-04-11 05:15:13] EDIT CloudMiner/models/menu.py: 0
[2014-04-11 05:15:44] EDIT CloudMiner/models/menu.py: 0
[2014-04-11 12:31:46] EDIT CloudMiner/controllers/default.py: 2
